<?xml version="1.0" encoding="UTF-8"?>
<!-- Generated by org.testng.reporters.JUnitXMLReporter -->
<testsuite ignored="0" hostname="DESKTOP-KJQ2J7E" failures="0" tests="6" name="Default test" time="21.744" errors="0" timestamp="2021-05-21T20:13:44 IST">
  <testcase classname="Test_Layer.pimDDT" name="@BeforeMethod startup" time="20.28">
    <failure type="java.lang.NullPointerException" message="Cannot invoke &amp;quot;org.openqa.selenium.SearchContext.findElement(org.openqa.selenium.By)&amp;quot; because &amp;quot;this.searchContext&amp;quot; is null">
      <![CDATA[java.lang.NullPointerException: Cannot invoke "org.openqa.selenium.SearchContext.findElement(org.openqa.selenium.By)" because "this.searchContext" is null
at org.openqa.selenium.support.pagefactory.DefaultElementLocator.findElement(DefaultElementLocator.java:69)
at org.openqa.selenium.support.pagefactory.internal.LocatingElementHandler.invoke(LocatingElementHandler.java:38)
at com.sun.proxy.$Proxy12.sendKeys(Unknown Source)
at Page_Layer.LoginPage.loginFunctionality(LoginPage.java:30)
at Test_Layer.pimDDT.startup(pimDDT.java:22)
at java.base/jdk.internal.reflect.NativeMethodAccessorImpl.invoke0(Native Method)
at java.base/jdk.internal.reflect.NativeMethodAccessorImpl.invoke(NativeMethodAccessorImpl.java:64)
at java.base/jdk.internal.reflect.DelegatingMethodAccessorImpl.invoke(DelegatingMethodAccessorImpl.java:43)
at java.base/java.lang.reflect.Method.invoke(Method.java:564)
at org.testng.internal.MethodInvocationHelper.invokeMethod(MethodInvocationHelper.java:133)
at org.testng.internal.MethodInvocationHelper.invokeMethodConsideringTimeout(MethodInvocationHelper.java:62)
at org.testng.internal.ConfigInvoker.invokeConfigurationMethod(ConfigInvoker.java:385)
at org.testng.internal.ConfigInvoker.invokeConfigurations(ConfigInvoker.java:321)
at org.testng.internal.TestInvoker.runConfigMethods(TestInvoker.java:700)
at org.testng.internal.TestInvoker.invokeMethod(TestInvoker.java:527)
at org.testng.internal.TestInvoker.invokeTestMethod(TestInvoker.java:173)
at org.testng.internal.MethodRunner.runInSequence(MethodRunner.java:46)
at org.testng.internal.TestInvoker$MethodInvocationAgent.invoke(TestInvoker.java:824)
at org.testng.internal.TestInvoker.invokeTestMethods(TestInvoker.java:146)
at org.testng.internal.TestMethodWorker.invokeTestMethods(TestMethodWorker.java:146)
at org.testng.internal.TestMethodWorker.run(TestMethodWorker.java:128)
at java.base/java.util.ArrayList.forEach(ArrayList.java:1511)
at org.testng.TestRunner.privateRun(TestRunner.java:794)
at org.testng.TestRunner.run(TestRunner.java:596)
at org.testng.SuiteRunner.runTest(SuiteRunner.java:377)
at org.testng.SuiteRunner.runSequentially(SuiteRunner.java:371)
at org.testng.SuiteRunner.privateRun(SuiteRunner.java:332)
at org.testng.SuiteRunner.run(SuiteRunner.java:276)
at org.testng.SuiteRunnerWorker.runSuite(SuiteRunnerWorker.java:53)
at org.testng.SuiteRunnerWorker.run(SuiteRunnerWorker.java:96)
at org.testng.TestNG.runSuitesSequentially(TestNG.java:1212)
at org.testng.TestNG.runSuitesLocally(TestNG.java:1134)
at org.testng.TestNG.runSuites(TestNG.java:1063)
at org.testng.TestNG.run(TestNG.java:1031)
at org.testng.remote.AbstractRemoteTestNG.run(AbstractRemoteTestNG.java:115)
at org.testng.remote.RemoteTestNG.initAndRun(RemoteTestNG.java:251)
at org.testng.remote.RemoteTestNG.main(RemoteTestNG.java:77)
]]>
    </failure>
  </testcase> <!-- @BeforeMethod startup -->
  <testcase classname="Test_Layer.pimDDT" name="@AfterMethod teardwon" time="-1.6216082229E9">
    <skipped/>
  </testcase> <!-- @AfterMethod teardwon -->
  <testcase classname="Test_Layer.pimDDT" name="@BeforeMethod startup" time="-1.621608222902E9">
    <skipped/>
  </testcase> <!-- @BeforeMethod startup -->
  <testcase classname="Test_Layer.pimDDT" name="@AfterMethod teardwon" time="-1.62160822293E9">
    <skipped/>
  </testcase> <!-- @AfterMethod teardwon -->
  <testcase classname="Test_Layer.pimDDT" name="@BeforeMethod startup" time="-1.621608222936E9">
    <skipped/>
  </testcase> <!-- @BeforeMethod startup -->
  <testcase classname="Test_Layer.pimDDT" name="@AfterMethod teardwon" time="-1.621608222947E9">
    <skipped/>
  </testcase> <!-- @AfterMethod teardwon -->
  <testcase classname="Test_Layer.pimDDT" name="@BeforeMethod startup" time="-1.621608222955E9">
    <skipped/>
  </testcase> <!-- @BeforeMethod startup -->
  <testcase classname="Test_Layer.pimDDT" name="@AfterMethod teardwon" time="-1.621608222981E9">
    <skipped/>
  </testcase> <!-- @AfterMethod teardwon -->
  <testcase classname="Test_Layer.pimDDT" name="@BeforeMethod startup" time="-1.621608222986E9">
    <skipped/>
  </testcase> <!-- @BeforeMethod startup -->
  <testcase classname="Test_Layer.pimDDT" name="@AfterMethod teardwon" time="-1.621608222999E9">
    <skipped/>
  </testcase> <!-- @AfterMethod teardwon -->
  <testcase classname="Test_Layer.pimDDT" name="@BeforeMethod startup" time="-1.621608223002E9">
    <skipped/>
  </testcase> <!-- @BeforeMethod startup -->
  <testcase classname="Test_Layer.pimDDT" name="@AfterMethod teardwon" time="-1.621608223019E9">
    <skipped/>
  </testcase> <!-- @AfterMethod teardwon -->
  <testcase classname="Test_Layer.pimDDT" name="pimlogin" time="0.0">
    <skipped/>
  </testcase> <!-- pimlogin -->
  <testcase classname="Test_Layer.pimDDT" name="pimlogin" time="0.0">
    <skipped/>
  </testcase> <!-- pimlogin -->
  <testcase classname="Test_Layer.pimDDT" name="pimlogin" time="0.0">
    <skipped/>
  </testcase> <!-- pimlogin -->
  <testcase classname="Test_Layer.pimDDT" name="pimlogin" time="0.0">
    <skipped/>
  </testcase> <!-- pimlogin -->
  <testcase classname="Test_Layer.pimDDT" name="pimlogin" time="0.0">
    <skipped/>
  </testcase> <!-- pimlogin -->
  <testcase classname="Test_Layer.pimDDT" name="pimlogin" time="0.0">
    <skipped/>
  </testcase> <!-- pimlogin -->
</testsuite> <!-- Default test -->
