<?xml version="1.0" encoding="UTF-8"?>
<testng-results ignored="0" total="1" passed="1" failed="0" skipped="0">
  <reporter-output>
  </reporter-output>
  <suite started-at="2021-05-18T15:51:17 IST" name="Default suite" finished-at="2021-05-18T15:51:41 IST" duration-ms="24096">
    <groups>
    </groups>
    <test started-at="2021-05-18T15:51:17 IST" name="Default test" finished-at="2021-05-18T15:51:41 IST" duration-ms="24096">
      <class name="Test_Layer.adminpagetest">
        <test-method is-config="true" signature="setup()[pri:0, instance:Test_Layer.adminpagetest@49c7b90e]" started-at="2021-05-18T15:51:17 IST" name="setup" finished-at="2021-05-18T15:51:36 IST" duration-ms="19041" status="PASS">
          <reporter-output>
          </reporter-output>
        </test-method> <!-- setup -->
        <test-method signature="userinfo()[pri:0, instance:Test_Layer.adminpagetest@49c7b90e]" started-at="2021-05-18T15:51:36 IST" name="userinfo" finished-at="2021-05-18T15:51:41 IST" duration-ms="4984" status="PASS">
          <reporter-output>
          </reporter-output>
        </test-method> <!-- userinfo -->
      </class> <!-- Test_Layer.adminpagetest -->
    </test> <!-- Default test -->
  </suite> <!-- Default suite -->
</testng-results>
