<?xml version="1.0" encoding="UTF-8"?>
<!-- Generated by org.testng.reporters.JUnitXMLReporter -->
<testsuite ignored="2" hostname="DESKTOP-KJQ2J7E" failures="0" tests="1" name="Test" time="21.455" errors="0" timestamp="2021-05-18T14:56:49 IST">
  <testcase classname="Test_Layer.homepagetest" name="verifytitle" time="0.032"/>
  <testcase classname="Test_Layer.homepagetest" name="URl" time="0.0">
    <ignored/>
  </testcase> <!-- URl -->
  <testcase classname="Test_Layer.homepagetest" name="verifyHomepage" time="0.0">
    <ignored/>
  </testcase> <!-- verifyHomepage -->
</testsuite> <!-- Test -->
